have_library: checking for wiiuse_init() in -lwiiuse... -------------------- yes

"cc -o conftest -I. -I/usr/lib/ruby/1.8/i486-linux -I.  -D_FILE_OFFSET_BITS=64  -fno-strict-aliasing -g -g -O2  -fPIC   conftest.c  -L. -L/usr/lib -L. -Wl,-Bsymbolic-functions -rdynamic -Wl,-export-dynamic     -lruby1.8-static -lwiiuse  -lpthread -ldl -lcrypt -lm   -lc"
conftest.c: In function ‘t’:
conftest.c:3: error: ‘wiiuse_init’ undeclared (first use in this function)
conftest.c:3: error: (Each undeclared identifier is reported only once
conftest.c:3: error: for each function it appears in.)
checked program was:
/* begin */
1: /*top*/
2: int main() { return 0; }
3: int t() { void ((*volatile p)()); p = (void ((*)()))wiiuse_init; return 0; }
/* end */

"cc -o conftest -I. -I/usr/lib/ruby/1.8/i486-linux -I.  -D_FILE_OFFSET_BITS=64  -fno-strict-aliasing -g -g -O2  -fPIC   conftest.c  -L. -L/usr/lib -L. -Wl,-Bsymbolic-functions -rdynamic -Wl,-export-dynamic     -lruby1.8-static -lwiiuse  -lpthread -ldl -lcrypt -lm   -lc"
checked program was:
/* begin */
1: /*top*/
2: int main() { return 0; }
3: int t() { wiiuse_init(); return 0; }
/* end */

--------------------

